<?xml version="1.0" encoding="UTF-8"?>
<!-- Generated by org.testng.reporters.JUnitReportReporter -->
<testsuite hostname="HIH-D-1894" name="com.netease.vstore.test.allcategory.GentlemenTest" tests="7" failures="0" timestamp="10 Jul 2015 04:23:44 GMT" time="25.857" errors="0">
  <testcase name="xiupinLoginTest" time="7.363" classname="com.netease.vstore.test.allcategory.GentlemenTest"/>
  <testcase name="MenTrousers" time="1.385" classname="com.netease.vstore.test.allcategory.GentlemenTest"/>
  <testcase name="ChangeProvinceTest" time="1.703" classname="com.netease.vstore.test.allcategory.GentlemenTest"/>
  <testcase name="MenTopClothesTest" time="8.623" classname="com.netease.vstore.test.allcategory.GentlemenTest"/>
  <testcase name="intoCategoryTest" time="0.761" classname="com.netease.vstore.test.allcategory.GentlemenTest"/>
  <testcase name="LogoutTest" time="5.455" classname="com.netease.vstore.test.allcategory.GentlemenTest"/>
  <testcase name="gentlemenTest" time="0.567" classname="com.netease.vstore.test.allcategory.GentlemenTest"/>
</testsuite> <!-- com.netease.vstore.test.allcategory.GentlemenTest -->
