<?xml version="1.0" encoding="UTF-8"?>
<!-- Generated by org.testng.reporters.JUnitReportReporter -->
<testsuite hostname="HIH-D-1894" name="com.netease.vstore.test.channel.GentlemanChannelTest" tests="5" failures="0" timestamp="10 Jul 2015 04:23:44 GMT" time="28.592" errors="0">
  <testcase name="ChangeProvinceTest" time="1.707" classname="com.netease.vstore.test.channel.GentlemanChannelTest"/>
  <testcase name="gentlemanChannelTopClothesTest" time="9.870" classname="com.netease.vstore.test.channel.GentlemanChannelTest"/>
  <testcase name="xiupinLogout" time="3.039" classname="com.netease.vstore.test.channel.GentlemanChannelTest"/>
  <testcase name="gentlemanChannelUnderWearTest" time="5.018" classname="com.netease.vstore.test.channel.GentlemanChannelTest"/>
  <testcase name="xiupinLoginTest" time="8.958" classname="com.netease.vstore.test.channel.GentlemanChannelTest"/>
</testsuite> <!-- com.netease.vstore.test.channel.GentlemanChannelTest -->
