<?xml version="1.0" encoding="UTF-8"?>
<!-- Generated by org.testng.reporters.JUnitReportReporter -->
<testsuite hostname="HIH-D-1894" name="com.netease.vstore.test.promotionActivity.FullReduceTest" tests="5" failures="0" timestamp="6 Jul 2015 09:41:24 GMT" time="42.246" errors="0">
  <testcase name="ChangeProvinceTest" time="2.065" classname="com.netease.vstore.test.promotionActivity.FullReduceTest"/>
  <testcase name="cleanCart" time="3.721" classname="com.netease.vstore.test.promotionActivity.FullReduceTest"/>
  <testcase name="xiupinLogout" time="5.386" classname="com.netease.vstore.test.promotionActivity.FullReduceTest"/>
  <testcase name="xiupinLoginTest" time="8.861" classname="com.netease.vstore.test.promotionActivity.FullReduceTest"/>
  <testcase name="FullReduce" time="22.213" classname="com.netease.vstore.test.promotionActivity.FullReduceTest"/>
</testsuite> <!-- com.netease.vstore.test.promotionActivity.FullReduceTest -->
