<?xml version="1.0" encoding="UTF-8"?>
<!-- Generated by org.testng.reporters.JUnitReportReporter -->
<testsuite hostname="HIH-D-1894" name="com.netease.vstore.test.promotionActivity.PostageTest" tests="5" failures="0" timestamp="10 Jul 2015 04:23:44 GMT" time="37.730" errors="0">
  <testcase name="xiupinLogout" time="2.937" classname="com.netease.vstore.test.promotionActivity.PostageTest"/>
  <testcase name="Postage" time="18.342" classname="com.netease.vstore.test.promotionActivity.PostageTest"/>
  <testcase name="xiupinLoginTest" time="11.541" classname="com.netease.vstore.test.promotionActivity.PostageTest"/>
  <testcase name="ChangeProvinceTest" time="1.693" classname="com.netease.vstore.test.promotionActivity.PostageTest"/>
  <testcase name="cleanCart" time="3.217" classname="com.netease.vstore.test.promotionActivity.PostageTest"/>
</testsuite> <!-- com.netease.vstore.test.promotionActivity.PostageTest -->
