<?xml version="1.0" encoding="UTF-8"?>
<!-- Generated by org.testng.reporters.JUnitReportReporter -->
<testsuite hostname="HIH-D-1894" name="com.netease.vstore.test.channel.WomenChannelTest" tests="7" failures="0" timestamp="10 Jul 2015 04:23:44 GMT" time="52.660" errors="0">
  <testcase name="womenChannelAccessoryTest" time="7.376" classname="com.netease.vstore.test.channel.WomenChannelTest"/>
  <testcase name="womenChannelBottomClothesTest" time="2.353" classname="com.netease.vstore.test.channel.WomenChannelTest"/>
  <testcase name="xiupinLoginTest" time="8.078" classname="com.netease.vstore.test.channel.WomenChannelTest"/>
  <testcase name="ChangeProvinceTest" time="1.711" classname="com.netease.vstore.test.channel.WomenChannelTest"/>
  <testcase name="womenChannelUnderWearTest" time="7.249" classname="com.netease.vstore.test.channel.WomenChannelTest"/>
  <testcase name="xiupinLogout" time="2.996" classname="com.netease.vstore.test.channel.WomenChannelTest"/>
  <testcase name="womenChannelTopClothesTest" time="22.897" classname="com.netease.vstore.test.channel.WomenChannelTest"/>
</testsuite> <!-- com.netease.vstore.test.channel.WomenChannelTest -->
