<?xml version="1.0" encoding="UTF-8"?>
<!-- Generated by org.testng.reporters.JUnitReportReporter -->
<testsuite hostname="HIH-D-1894" name="com.netease.vstore.test.scene.BuyLessOneAndMoreTwoPrdct" tests="7" failures="0" timestamp="30 Jun 2015 02:23:44 GMT" time="33.067" errors="0">
  <testcase name="xiupinLoginTest" time="17.192" classname="com.netease.vstore.test.scene.BuyLessOneAndMoreTwoPrdct"/>
  <testcase name="ChangeProvinceTest" time="1.693" classname="com.netease.vstore.test.scene.BuyLessOneAndMoreTwoPrdct"/>
  <testcase name="detailTest" time="1.289" classname="com.netease.vstore.test.scene.BuyLessOneAndMoreTwoPrdct"/>
  <testcase name="buyLessThanOneTest" time="0.568" classname="com.netease.vstore.test.scene.BuyLessOneAndMoreTwoPrdct"/>
  <testcase name="scheduleTest" time="4.770" classname="com.netease.vstore.test.scene.BuyLessOneAndMoreTwoPrdct"/>
  <testcase name="xiupinLogout" time="2.404" classname="com.netease.vstore.test.scene.BuyLessOneAndMoreTwoPrdct"/>
  <testcase name="buyMoreThanTwoTest" time="5.151" classname="com.netease.vstore.test.scene.BuyLessOneAndMoreTwoPrdct"/>
</testsuite> <!-- com.netease.vstore.test.scene.BuyLessOneAndMoreTwoPrdct -->
