<?xml version="1.0" encoding="UTF-8"?>
<!-- Generated by org.testng.reporters.JUnitReportReporter -->
<testsuite hostname="HIH-D-1894" name="com.netease.vstore.test.promotionActivity.CouponTest" tests="7" failures="0" timestamp="10 Jul 2015 04:23:44 GMT" time="81.513" errors="0">
  <testcase name="ChangeProvinceTest" time="1.695" classname="com.netease.vstore.test.promotionActivity.CouponTest"/>
  <testcase name="SelectCouponTest" time="20.405" classname="com.netease.vstore.test.promotionActivity.CouponTest"/>
  <testcase name="xiupinLoginTest" time="10.462" classname="com.netease.vstore.test.promotionActivity.CouponTest"/>
  <testcase name="xiupinLogout" time="2.749" classname="com.netease.vstore.test.promotionActivity.CouponTest"/>
  <testcase name="SelectCouponTest" time="22.949" classname="com.netease.vstore.test.promotionActivity.CouponTest"/>
  <testcase name="SelectCouponTest" time="20.545" classname="com.netease.vstore.test.promotionActivity.CouponTest"/>
  <testcase name="cleanCart" time="2.708" classname="com.netease.vstore.test.promotionActivity.CouponTest"/>
</testsuite> <!-- com.netease.vstore.test.promotionActivity.CouponTest -->
