<?xml version="1.0" encoding="UTF-8"?>
<!-- Generated by org.testng.reporters.JUnitReportReporter -->
<testsuite hostname="HIH-D-1894" name="com.netease.vstore.test.cancelorder.CancelUnpaidOrderTest" tests="7" failures="0" timestamp="26 Jun 2015 09:26:58 GMT" time="27.148" errors="0">
  <testcase name="UnpaidOrder" time="0.568" classname="com.netease.vstore.test.cancelorder.CancelUnpaidOrderTest"/>
  <testcase name="xiupinLoginTest" time="9.887" classname="com.netease.vstore.test.cancelorder.CancelUnpaidOrderTest"/>
  <testcase name="ChangeProvince" time="1.874" classname="com.netease.vstore.test.cancelorder.CancelUnpaidOrderTest"/>
  <testcase name="LogoutTest" time="2.337" classname="com.netease.vstore.test.cancelorder.CancelUnpaidOrderTest"/>
  <testcase name="myOrderTest" time="1.647" classname="com.netease.vstore.test.cancelorder.CancelUnpaidOrderTest"/>
  <testcase name="cancelUnpaidOrderTest" time="9.599" classname="com.netease.vstore.test.cancelorder.CancelUnpaidOrderTest"/>
  <testcase name="pofileIndexTest" time="1.236" classname="com.netease.vstore.test.cancelorder.CancelUnpaidOrderTest"/>
</testsuite> <!-- com.netease.vstore.test.cancelorder.CancelUnpaidOrderTest -->
