<?xml version="1.0" encoding="UTF-8"?>
<!-- Generated by org.testng.reporters.JUnitReportReporter -->
<testsuite hostname="HIH-D-1894" name="com.netease.vstore.test.scene.BuyTwoDiffPrdctFromOneShop" tests="13" failures="0" timestamp="13 Jul 2015 03:30:40 GMT" time="41.715" errors="0">
  <testcase name="addToCartTest1" time="0.712" classname="com.netease.vstore.test.scene.BuyTwoDiffPrdctFromOneShop"/>
  <testcase name="detailTest2" time="1.439" classname="com.netease.vstore.test.scene.BuyTwoDiffPrdctFromOneShop"/>
  <testcase name="ChangeProvinceTest" time="1.729" classname="com.netease.vstore.test.scene.BuyTwoDiffPrdctFromOneShop"/>
  <testcase name="scheduleTest" time="1.535" classname="com.netease.vstore.test.scene.BuyTwoDiffPrdctFromOneShop"/>
  <testcase name="buy" time="2.852" classname="com.netease.vstore.test.scene.BuyTwoDiffPrdctFromOneShop"/>
  <testcase name="purchaseIndex" time="1.846" classname="com.netease.vstore.test.scene.BuyTwoDiffPrdctFromOneShop"/>
  <testcase name="PaymentMethod" time="2.119" classname="com.netease.vstore.test.scene.BuyTwoDiffPrdctFromOneShop"/>
  <testcase name="cleanCart" time="2.795" classname="com.netease.vstore.test.scene.BuyTwoDiffPrdctFromOneShop"/>
  <testcase name="xiupinLoginTest" time="19.547" classname="com.netease.vstore.test.scene.BuyTwoDiffPrdctFromOneShop"/>
  <testcase name="xiupinLogout" time="3.008" classname="com.netease.vstore.test.scene.BuyTwoDiffPrdctFromOneShop"/>
  <testcase name="addToCartTest2" time="1.630" classname="com.netease.vstore.test.scene.BuyTwoDiffPrdctFromOneShop"/>
  <testcase name="detailTest1" time="1.391" classname="com.netease.vstore.test.scene.BuyTwoDiffPrdctFromOneShop"/>
  <testcase name="CartTest" time="1.112" classname="com.netease.vstore.test.scene.BuyTwoDiffPrdctFromOneShop"/>
</testsuite> <!-- com.netease.vstore.test.scene.BuyTwoDiffPrdctFromOneShop -->
