<?xml version="1.0" encoding="UTF-8"?>
<!-- Generated by org.testng.reporters.JUnitReportReporter -->
<testsuite hostname="HIH-D-1894" name="com.netease.vstore.test.searchorder.SearchOrderTest" tests="6" failures="0" timestamp="30 Jun 2015 06:16:05 GMT" time="13.768" errors="0">
  <testcase name="myOrderTest" time="2.065" classname="com.netease.vstore.test.searchorder.SearchOrderTest"/>
  <testcase name="ChangeProvince" time="1.716" classname="com.netease.vstore.test.searchorder.SearchOrderTest"/>
  <testcase name="xiupinLoginTest" time="5.927" classname="com.netease.vstore.test.searchorder.SearchOrderTest"/>
  <testcase name="searchOrderTest" time="0.684" classname="com.netease.vstore.test.searchorder.SearchOrderTest"/>
  <testcase name="xiupinLogout" time="2.210" classname="com.netease.vstore.test.searchorder.SearchOrderTest"/>
  <testcase name="pofileIndexTest" time="1.166" classname="com.netease.vstore.test.searchorder.SearchOrderTest"/>
</testsuite> <!-- com.netease.vstore.test.searchorder.SearchOrderTest -->
