<?xml version="1.0" encoding="UTF-8"?>
<!-- Generated by org.testng.reporters.JUnitReportReporter -->
<testsuite hostname="HIH-D-1894" name="com.netease.vstore.test.channel.BuyFromWomenTest" tests="12" failures="0" timestamp="10 Jul 2015 04:23:44 GMT" time="28.879" errors="0">
  <testcase name="womanTest" time="1.199" classname="com.netease.vstore.test.channel.BuyFromWomenTest"/>
  <testcase name="CartTest" time="1.136" classname="com.netease.vstore.test.channel.BuyFromWomenTest"/>
  <testcase name="ChangeProvinceTest" time="1.687" classname="com.netease.vstore.test.channel.BuyFromWomenTest"/>
  <testcase name="PaymentMethod" time="1.078" classname="com.netease.vstore.test.channel.BuyFromWomenTest"/>
  <testcase name="cleanCart" time="2.682" classname="com.netease.vstore.test.channel.BuyFromWomenTest"/>
  <testcase name="scheduleTest" time="1.300" classname="com.netease.vstore.test.channel.BuyFromWomenTest"/>
  <testcase name="xiupinLoginTest" time="9.228" classname="com.netease.vstore.test.channel.BuyFromWomenTest"/>
  <testcase name="detailTest" time="3.372" classname="com.netease.vstore.test.channel.BuyFromWomenTest"/>
  <testcase name="xiupinLogout" time="3.088" classname="com.netease.vstore.test.channel.BuyFromWomenTest"/>
  <testcase name="purchaseIndex" time="1.510" classname="com.netease.vstore.test.channel.BuyFromWomenTest"/>
  <testcase name="addToCartTest" time="0.603" classname="com.netease.vstore.test.channel.BuyFromWomenTest"/>
  <testcase name="buy" time="1.996" classname="com.netease.vstore.test.channel.BuyFromWomenTest"/>
</testsuite> <!-- com.netease.vstore.test.channel.BuyFromWomenTest -->
