<?xml version="1.0" encoding="UTF-8"?>
<!-- Generated by org.testng.reporters.JUnitReportReporter -->
<testsuite hostname="HIH-D-1894" name="com.netease.vstore.test.allcategory.CosmeticTest" tests="7" failures="0" timestamp="10 Jul 2015 04:23:44 GMT" time="23.112" errors="0">
  <testcase name="SkinCareTest" time="5.438" classname="com.netease.vstore.test.allcategory.CosmeticTest"/>
  <testcase name="intocosmeticTest" time="0.570" classname="com.netease.vstore.test.allcategory.CosmeticTest"/>
  <testcase name="intoCategoryTest" time="1.010" classname="com.netease.vstore.test.allcategory.CosmeticTest"/>
  <testcase name="xiupinLoginTest" time="8.382" classname="com.netease.vstore.test.allcategory.CosmeticTest"/>
  <testcase name="cosmeticsTest" time="2.923" classname="com.netease.vstore.test.allcategory.CosmeticTest"/>
  <testcase name="LogoutTest" time="3.097" classname="com.netease.vstore.test.allcategory.CosmeticTest"/>
  <testcase name="ChangeProvinceTest" time="1.692" classname="com.netease.vstore.test.allcategory.CosmeticTest"/>
</testsuite> <!-- com.netease.vstore.test.allcategory.CosmeticTest -->
