<?xml version="1.0" encoding="UTF-8"?>
<!-- Generated by org.testng.reporters.JUnitReportReporter -->
<testsuite hostname="HIH-D-1894" name="com.netease.vstore.test.order.DeleteOrderTest" tests="6" failures="0" timestamp="10 Jul 2015 04:23:44 GMT" time="17.221" errors="0">
  <testcase name="deleteOrderTest" time="1.078" classname="com.netease.vstore.test.order.DeleteOrderTest"/>
  <testcase name="pofileIndexTest" time="1.139" classname="com.netease.vstore.test.order.DeleteOrderTest"/>
  <testcase name="xiupinLoginTest" time="8.164" classname="com.netease.vstore.test.order.DeleteOrderTest"/>
  <testcase name="ChangeProvince" time="1.700" classname="com.netease.vstore.test.order.DeleteOrderTest"/>
  <testcase name="myOrderTest" time="1.685" classname="com.netease.vstore.test.order.DeleteOrderTest"/>
  <testcase name="LogoutTest" time="3.455" classname="com.netease.vstore.test.order.DeleteOrderTest"/>
</testsuite> <!-- com.netease.vstore.test.order.DeleteOrderTest -->
