<?xml version="1.0" encoding="UTF-8"?>
<!-- Generated by org.testng.reporters.JUnitReportReporter -->
<testsuite hostname="HIH-D-1894" name="com.netease.vstore.test.allcategory.JewelryAssoriesTest" tests="8" failures="0" timestamp="10 Jul 2015 04:23:44 GMT" time="33.319" errors="0">
  <testcase name="xiupinLoginTest" time="15.655" classname="com.netease.vstore.test.allcategory.JewelryAssoriesTest"/>
  <testcase name="jewelryAccessoriesTest" time="0.568" classname="com.netease.vstore.test.allcategory.JewelryAssoriesTest"/>
  <testcase name="HeadGearTest" time="6.072" classname="com.netease.vstore.test.allcategory.JewelryAssoriesTest"/>
  <testcase name="ChangeProvinceTest" time="1.697" classname="com.netease.vstore.test.allcategory.JewelryAssoriesTest"/>
  <testcase name="JewelryTest" time="4.066" classname="com.netease.vstore.test.allcategory.JewelryAssoriesTest"/>
  <testcase name="LogoutTest" time="2.358" classname="com.netease.vstore.test.allcategory.JewelryAssoriesTest"/>
  <testcase name="intoCategoryTest" time="1.460" classname="com.netease.vstore.test.allcategory.JewelryAssoriesTest"/>
  <testcase name="WatchTest" time="1.443" classname="com.netease.vstore.test.allcategory.JewelryAssoriesTest"/>
</testsuite> <!-- com.netease.vstore.test.allcategory.JewelryAssoriesTest -->
