<?xml version="1.0" encoding="UTF-8"?>
<!-- Generated by org.testng.reporters.JUnitReportReporter -->
<testsuite hostname="HIH-D-1894" name="com.netease.vstore.test.allcategory.HouseTest" tests="7" failures="0" timestamp="10 Jul 2015 04:23:44 GMT" time="23.320" errors="0">
  <testcase name="xiupinLoginTest" time="8.507" classname="com.netease.vstore.test.allcategory.HouseTest"/>
  <testcase name="houseTest" time="0.571" classname="com.netease.vstore.test.allcategory.HouseTest"/>
  <testcase name="LogoutTest" time="3.180" classname="com.netease.vstore.test.allcategory.HouseTest"/>
  <testcase name="ChangeProvinceTest" time="1.733" classname="com.netease.vstore.test.allcategory.HouseTest"/>
  <testcase name="RainGearTest" time="4.202" classname="com.netease.vstore.test.allcategory.HouseTest"/>
  <testcase name="intoCategoryTest" time="0.911" classname="com.netease.vstore.test.allcategory.HouseTest"/>
  <testcase name="FurnishingsTest" time="4.216" classname="com.netease.vstore.test.allcategory.HouseTest"/>
</testsuite> <!-- com.netease.vstore.test.allcategory.HouseTest -->
