<?xml version="1.0" encoding="UTF-8"?>
<!-- Generated by org.testng.reporters.JUnitReportReporter -->
<testsuite hostname="HIH-D-1894" name="com.netease.vstore.test.order.SearchOrderTest" tests="6" failures="0" timestamp="10 Jul 2015 04:23:44 GMT" time="18.033" errors="0">
  <testcase name="pofileIndexTest" time="1.201" classname="com.netease.vstore.test.order.SearchOrderTest"/>
  <testcase name="searchOrderTest" time="0.650" classname="com.netease.vstore.test.order.SearchOrderTest"/>
  <testcase name="xiupinLoginTest" time="9.667" classname="com.netease.vstore.test.order.SearchOrderTest"/>
  <testcase name="xiupinLogout" time="3.051" classname="com.netease.vstore.test.order.SearchOrderTest"/>
  <testcase name="ChangeProvince" time="1.788" classname="com.netease.vstore.test.order.SearchOrderTest"/>
  <testcase name="myOrderTest" time="1.676" classname="com.netease.vstore.test.order.SearchOrderTest"/>
</testsuite> <!-- com.netease.vstore.test.order.SearchOrderTest -->
