<?xml version="1.0" encoding="UTF-8"?>
<!-- Generated by org.testng.reporters.JUnitReportReporter -->
<testsuite hostname="HIH-D-1894" name="com.netease.vstore.test.scene.BuyPrdctAndRepayFromPurchaseIndex" tests="14" failures="0" timestamp="10 Jul 2015 04:23:44 GMT" time="33.253" errors="0">
  <testcase name="CartTest" time="1.148" classname="com.netease.vstore.test.scene.BuyPrdctAndRepayFromPurchaseIndex"/>
  <testcase name="PaymentMethod" time="1.075" classname="com.netease.vstore.test.scene.BuyPrdctAndRepayFromPurchaseIndex"/>
  <testcase name="rePayTest" time="2.439" classname="com.netease.vstore.test.scene.BuyPrdctAndRepayFromPurchaseIndex"/>
  <testcase name="purchaseIndex" time="1.583" classname="com.netease.vstore.test.scene.BuyPrdctAndRepayFromPurchaseIndex"/>
  <testcase name="detailTest" time="0.780" classname="com.netease.vstore.test.scene.BuyPrdctAndRepayFromPurchaseIndex"/>
  <testcase name="buy" time="2.121" classname="com.netease.vstore.test.scene.BuyPrdctAndRepayFromPurchaseIndex"/>
  <testcase name="Pay" time="4.620" classname="com.netease.vstore.test.scene.BuyPrdctAndRepayFromPurchaseIndex"/>
  <testcase name="ChangeProvinceTest" time="1.696" classname="com.netease.vstore.test.scene.BuyPrdctAndRepayFromPurchaseIndex"/>
  <testcase name="xiupinLogout" time="2.934" classname="com.netease.vstore.test.scene.BuyPrdctAndRepayFromPurchaseIndex"/>
  <testcase name="addToCartTest" time="0.580" classname="com.netease.vstore.test.scene.BuyPrdctAndRepayFromPurchaseIndex"/>
  <testcase name="xiupinLoginTest" time="8.841" classname="com.netease.vstore.test.scene.BuyPrdctAndRepayFromPurchaseIndex"/>
  <testcase name="cleanCart" time="3.199" classname="com.netease.vstore.test.scene.BuyPrdctAndRepayFromPurchaseIndex"/>
  <testcase name="scheduleTest" time="0.797" classname="com.netease.vstore.test.scene.BuyPrdctAndRepayFromPurchaseIndex"/>
  <testcase name="payFromMyOrder" time="1.440" classname="com.netease.vstore.test.scene.BuyPrdctAndRepayFromPurchaseIndex"/>
</testsuite> <!-- com.netease.vstore.test.scene.BuyPrdctAndRepayFromPurchaseIndex -->
