<?xml version="1.0" encoding="UTF-8"?>
<!-- Generated by org.testng.reporters.JUnitReportReporter -->
<testsuite hostname="HIH-D-1894" name="com.netease.vstore.test.scene.BuyLessOneAndMoreTwoPrdctDetailPage" tests="8" failures="0" timestamp="10 Jul 2015 04:23:44 GMT" time="22.018" errors="0">
  <testcase name="buyMoreThanTwoTest" time="5.156" classname="com.netease.vstore.test.scene.BuyLessOneAndMoreTwoPrdctDetailPage"/>
  <testcase name="cleanCart" time="2.718" classname="com.netease.vstore.test.scene.BuyLessOneAndMoreTwoPrdctDetailPage"/>
  <testcase name="ChangeProvinceTest" time="1.680" classname="com.netease.vstore.test.scene.BuyLessOneAndMoreTwoPrdctDetailPage"/>
  <testcase name="scheduleTest" time="0.741" classname="com.netease.vstore.test.scene.BuyLessOneAndMoreTwoPrdctDetailPage"/>
  <testcase name="detailTest" time="0.853" classname="com.netease.vstore.test.scene.BuyLessOneAndMoreTwoPrdctDetailPage"/>
  <testcase name="xiupinLoginTest" time="7.318" classname="com.netease.vstore.test.scene.BuyLessOneAndMoreTwoPrdctDetailPage"/>
  <testcase name="xiupinLogout" time="2.981" classname="com.netease.vstore.test.scene.BuyLessOneAndMoreTwoPrdctDetailPage"/>
  <testcase name="buyLessThanOneTest" time="0.571" classname="com.netease.vstore.test.scene.BuyLessOneAndMoreTwoPrdctDetailPage"/>
</testsuite> <!-- com.netease.vstore.test.scene.BuyLessOneAndMoreTwoPrdctDetailPage -->
