<?xml version="1.0" encoding="UTF-8"?>
<!-- Generated by org.testng.reporters.JUnitReportReporter -->
<testsuite hostname="HIH-D-1894" name="com.netease.vstore.test.activity.FullReduceTest" tests="5" failures="0" timestamp="6 Jul 2015 03:08:55 GMT" time="34.890" errors="0">
  <testcase name="xiupinLogout" time="2.249" classname="com.netease.vstore.test.activity.FullReduceTest"/>
  <testcase name="ChangeProvinceTest" time="1.646" classname="com.netease.vstore.test.activity.FullReduceTest"/>
  <testcase name="xiupinLoginTest" time="9.255" classname="com.netease.vstore.test.activity.FullReduceTest"/>
  <testcase name="activityTest" time="18.999" classname="com.netease.vstore.test.activity.FullReduceTest"/>
  <testcase name="cleanCart" time="2.741" classname="com.netease.vstore.test.activity.FullReduceTest"/>
</testsuite> <!-- com.netease.vstore.test.activity.FullReduceTest -->
