<?xml version="1.0" encoding="UTF-8"?>
<!-- Generated by org.testng.reporters.JUnitReportReporter -->
<testsuite hostname="HIH-D-1894" name="com.netease.vstore.test.channel.ChannelTest" tests="8" failures="0" timestamp="10 Jul 2015 04:23:44 GMT" time="20.646" errors="0">
  <testcase name="xiupinLogout" time="2.976" classname="com.netease.vstore.test.channel.ChannelTest"/>
  <testcase name="womenTest" time="1.145" classname="com.netease.vstore.test.channel.ChannelTest"/>
  <testcase name="xiupinLoginTest" time="8.036" classname="com.netease.vstore.test.channel.ChannelTest"/>
  <testcase name="gentlemenTest" time="1.708" classname="com.netease.vstore.test.channel.ChannelTest"/>
  <testcase name="kidswearTest" time="1.696" classname="com.netease.vstore.test.channel.ChannelTest"/>
  <testcase name="houseTest" time="1.705" classname="com.netease.vstore.test.channel.ChannelTest"/>
  <testcase name="ChangeProvince" time="1.698" classname="com.netease.vstore.test.channel.ChannelTest"/>
  <testcase name="cosmeticTest" time="1.682" classname="com.netease.vstore.test.channel.ChannelTest"/>
</testsuite> <!-- com.netease.vstore.test.channel.ChannelTest -->
