<?xml version="1.0" encoding="UTF-8"?>
<!-- Generated by org.testng.reporters.JUnitReportReporter -->
<testsuite hostname="HIH-D-1894" name="com.netease.vstore.test.cancelorder.CancelUnshipedOrderTest" tests="7" failures="0" timestamp="30 Jun 2015 03:34:34 GMT" time="21.424" errors="0">
  <testcase name="CancelUnshipedOrderTestTest" time="7.546" classname="com.netease.vstore.test.cancelorder.CancelUnshipedOrderTest"/>
  <testcase name="myOrderTest" time="1.667" classname="com.netease.vstore.test.cancelorder.CancelUnshipedOrderTest"/>
  <testcase name="xiupinLoginTest" time="6.052" classname="com.netease.vstore.test.cancelorder.CancelUnshipedOrderTest"/>
  <testcase name="ToBeShippedOrder" time="0.577" classname="com.netease.vstore.test.cancelorder.CancelUnshipedOrderTest"/>
  <testcase name="pofileIndexTest" time="1.207" classname="com.netease.vstore.test.cancelorder.CancelUnshipedOrderTest"/>
  <testcase name="ChangeProvince" time="1.696" classname="com.netease.vstore.test.cancelorder.CancelUnshipedOrderTest"/>
  <testcase name="LogoutTest" time="2.679" classname="com.netease.vstore.test.cancelorder.CancelUnshipedOrderTest"/>
</testsuite> <!-- com.netease.vstore.test.cancelorder.CancelUnshipedOrderTest -->
