<?xml version="1.0" encoding="UTF-8"?>
<!-- Generated by org.testng.reporters.JUnitReportReporter -->
<testsuite hostname="HIH-D-1894" name="com.netease.vstore.test.channel.CosmeticChannelTest" tests="7" failures="0" timestamp="10 Jul 2015 04:23:44 GMT" time="34.350" errors="0">
  <testcase name="ChangeProvinceTest" time="1.679" classname="com.netease.vstore.test.channel.CosmeticChannelTest"/>
  <testcase name="cosmeticChannelSkinCareTest" time="9.705" classname="com.netease.vstore.test.channel.CosmeticChannelTest"/>
  <testcase name="cosmeticChannelPersonalCareTest" time="0.029" classname="com.netease.vstore.test.channel.CosmeticChannelTest"/>
  <testcase name="cosmeticChannelToolTest" time="7.119" classname="com.netease.vstore.test.channel.CosmeticChannelTest"/>
  <testcase name="xiupinLogout" time="2.435" classname="com.netease.vstore.test.channel.CosmeticChannelTest"/>
  <testcase name="cosmeticChannelCaiZhuangTest" time="2.425" classname="com.netease.vstore.test.channel.CosmeticChannelTest"/>
  <testcase name="xiupinLoginTest" time="10.958" classname="com.netease.vstore.test.channel.CosmeticChannelTest"/>
</testsuite> <!-- com.netease.vstore.test.channel.CosmeticChannelTest -->
