<?xml version="1.0" encoding="UTF-8"?>
<!-- Generated by org.testng.reporters.JUnitReportReporter -->
<testsuite hostname="HIH-D-1894" name="com.netease.vstore.test.scene.BuyEachPrdctFromSchedule" tests="12" failures="0" timestamp="10 Jul 2015 04:23:44 GMT" time="89.526" errors="0">
  <testcase name="xiupinLogin" time="10.615" classname="com.netease.vstore.test.scene.BuyEachPrdctFromSchedule"/>
  <testcase name="cleanCart" time="2.786" classname="com.netease.vstore.test.scene.BuyEachPrdctFromSchedule"/>
  <testcase name="schedule" time="1.325" classname="com.netease.vstore.test.scene.BuyEachPrdctFromSchedule"/>
  <testcase name="BrowseGoodsAndBuy" time="8.707" classname="com.netease.vstore.test.scene.BuyEachPrdctFromSchedule"/>
  <testcase name="ChangeProvince" time="1.838" classname="com.netease.vstore.test.scene.BuyEachPrdctFromSchedule"/>
  <testcase name="BrowseGoodsAndBuy" time="8.712" classname="com.netease.vstore.test.scene.BuyEachPrdctFromSchedule"/>
  <testcase name="BrowseGoodsAndBuy" time="9.527" classname="com.netease.vstore.test.scene.BuyEachPrdctFromSchedule"/>
  <testcase name="BrowseGoodsAndBuy" time="8.699" classname="com.netease.vstore.test.scene.BuyEachPrdctFromSchedule"/>
  <testcase name="BrowseGoodsAndBuy" time="9.297" classname="com.netease.vstore.test.scene.BuyEachPrdctFromSchedule"/>
  <testcase name="BrowseGoodsAndBuy" time="8.509" classname="com.netease.vstore.test.scene.BuyEachPrdctFromSchedule"/>
  <testcase name="BrowseGoodsAndBuy" time="10.150" classname="com.netease.vstore.test.scene.BuyEachPrdctFromSchedule"/>
  <testcase name="BrowseGoodsAndBuy" time="9.361" classname="com.netease.vstore.test.scene.BuyEachPrdctFromSchedule"/>
</testsuite> <!-- com.netease.vstore.test.scene.BuyEachPrdctFromSchedule -->
