<?xml version="1.0" encoding="UTF-8"?>
<!-- Generated by org.testng.reporters.JUnitReportReporter -->
<testsuite hostname="HIH-D-1894" name="com.netease.vstore.test.deleteorder.DeleteOrderTest" tests="6" failures="0" timestamp="26 Jun 2015 09:26:58 GMT" time="37.299" errors="0">
  <testcase name="pofileIndexTest" time="1.561" classname="com.netease.vstore.test.deleteorder.DeleteOrderTest"/>
  <testcase name="ChangeProvince" time="1.675" classname="com.netease.vstore.test.deleteorder.DeleteOrderTest"/>
  <testcase name="xiupinLoginTest" time="13.211" classname="com.netease.vstore.test.deleteorder.DeleteOrderTest"/>
  <testcase name="myOrderTest" time="1.870" classname="com.netease.vstore.test.deleteorder.DeleteOrderTest"/>
  <testcase name="LogoutTest" time="2.289" classname="com.netease.vstore.test.deleteorder.DeleteOrderTest"/>
  <testcase name="deleteOrderTest" time="16.693" classname="com.netease.vstore.test.deleteorder.DeleteOrderTest"/>
</testsuite> <!-- com.netease.vstore.test.deleteorder.DeleteOrderTest -->
