<?xml version="1.0" encoding="UTF-8"?>
<!-- Generated by org.testng.reporters.JUnitReportReporter -->
<testsuite hostname="HIH-D-1894" name="com.netease.vstore.test.scene.DirectBuyPrdctFromSchedule" tests="10" failures="0" timestamp="10 Jul 2015 04:23:44 GMT" time="27.214" errors="0">
  <testcase name="addToCartFromScheduleTest" time="3.680" classname="com.netease.vstore.test.scene.DirectBuyPrdctFromSchedule"/>
  <testcase name="scheduleTest" time="0.732" classname="com.netease.vstore.test.scene.DirectBuyPrdctFromSchedule"/>
  <testcase name="purchaseIndex" time="1.773" classname="com.netease.vstore.test.scene.DirectBuyPrdctFromSchedule"/>
  <testcase name="ChangeProvinceTest" time="1.706" classname="com.netease.vstore.test.scene.DirectBuyPrdctFromSchedule"/>
  <testcase name="xiupinLogout" time="3.153" classname="com.netease.vstore.test.scene.DirectBuyPrdctFromSchedule"/>
  <testcase name="CartTest" time="1.167" classname="com.netease.vstore.test.scene.DirectBuyPrdctFromSchedule"/>
  <testcase name="buy" time="2.325" classname="com.netease.vstore.test.scene.DirectBuyPrdctFromSchedule"/>
  <testcase name="PaymentMethod" time="1.084" classname="com.netease.vstore.test.scene.DirectBuyPrdctFromSchedule"/>
  <testcase name="xiupinLoginTest" time="8.473" classname="com.netease.vstore.test.scene.DirectBuyPrdctFromSchedule"/>
  <testcase name="cleanCart" time="3.121" classname="com.netease.vstore.test.scene.DirectBuyPrdctFromSchedule"/>
</testsuite> <!-- com.netease.vstore.test.scene.DirectBuyPrdctFromSchedule -->
