<?xml version="1.0" encoding="UTF-8"?>
<!-- Generated by org.testng.reporters.JUnitReportReporter -->
<testsuite hostname="HIH-D-1894" name="com.netease.vstore.test.brand.qTest" tests="1" failures="0" timestamp="13 Jul 2015 08:59:06 GMT" time="0.043" errors="0">
  <testcase name="xiupinLoginTest" time="0.043" classname="com.netease.vstore.test.brand.qTest"/>
</testsuite> <!-- com.netease.vstore.test.brand.qTest -->
