<?xml version="1.0" encoding="UTF-8"?>
<!-- Generated by org.testng.reporters.JUnitReportReporter -->
<testsuite hostname="HIH-D-1894" name="com.netease.vstore.test.order.CheckOrderTest" tests="9" failures="0" timestamp="10 Jul 2015 04:23:44 GMT" time="17.592" errors="0">
  <testcase name="UnpaidOrder" time="0.597" classname="com.netease.vstore.test.order.CheckOrderTest"/>
  <testcase name="myOrderTest" time="1.650" classname="com.netease.vstore.test.order.CheckOrderTest"/>
  <testcase name="allOrder" time="0.580" classname="com.netease.vstore.test.order.CheckOrderTest"/>
  <testcase name="ShippedOrder" time="0.582" classname="com.netease.vstore.test.order.CheckOrderTest"/>
  <testcase name="ChangeProvince" time="1.703" classname="com.netease.vstore.test.order.CheckOrderTest"/>
  <testcase name="pofileIndexTest" time="1.157" classname="com.netease.vstore.test.order.CheckOrderTest"/>
  <testcase name="xiupinLoginTest" time="7.714" classname="com.netease.vstore.test.order.CheckOrderTest"/>
  <testcase name="ToBeShippedOrder" time="0.568" classname="com.netease.vstore.test.order.CheckOrderTest"/>
  <testcase name="LogoutTest" time="3.041" classname="com.netease.vstore.test.order.CheckOrderTest"/>
</testsuite> <!-- com.netease.vstore.test.order.CheckOrderTest -->
