<?xml version="1.0" encoding="UTF-8"?>
<!-- Generated by org.testng.reporters.JUnitReportReporter -->
<testsuite hostname="HIH-D-1894" name="com.netease.vstore.test.allcategory.KidSwearTest" tests="8" failures="0" timestamp="10 Jul 2015 04:23:44 GMT" time="42.625" errors="0">
  <testcase name="kidsTest" time="5.480" classname="com.netease.vstore.test.allcategory.KidSwearTest"/>
  <testcase name="ChangeProvinceTest" time="9.759" classname="com.netease.vstore.test.allcategory.KidSwearTest"/>
  <testcase name="GirlClothesTest" time="7.475" classname="com.netease.vstore.test.allcategory.KidSwearTest"/>
  <testcase name="xiupinLoginTest" time="14.129" classname="com.netease.vstore.test.allcategory.KidSwearTest"/>
  <testcase name="intoCategoryTest" time="1.242" classname="com.netease.vstore.test.allcategory.KidSwearTest"/>
  <testcase name="kidswearTest" time="0.565" classname="com.netease.vstore.test.allcategory.KidSwearTest"/>
  <testcase name="LogoutTest" time="2.582" classname="com.netease.vstore.test.allcategory.KidSwearTest"/>
  <testcase name="BoyClothesTest" time="1.393" classname="com.netease.vstore.test.allcategory.KidSwearTest"/>
</testsuite> <!-- com.netease.vstore.test.allcategory.KidSwearTest -->
