<?xml version="1.0" encoding="UTF-8"?>
<!-- Generated by org.testng.reporters.JUnitReportReporter -->
<testsuite hostname="HIH-D-1894" name="com.netease.vstore.test.scene.BuyOnePrdctFromOneShop" tests="11" failures="0" timestamp="13 Jul 2015 11:18:35 GMT" time="75.943" errors="0">
  <testcase name="xiupinLoginTest" time="38.598" classname="com.netease.vstore.test.scene.BuyOnePrdctFromOneShop"/>
  <testcase name="scheduleTest" time="2.646" classname="com.netease.vstore.test.scene.BuyOnePrdctFromOneShop"/>
  <testcase name="buy" time="2.417" classname="com.netease.vstore.test.scene.BuyOnePrdctFromOneShop"/>
  <testcase name="cleanCart" time="6.973" classname="com.netease.vstore.test.scene.BuyOnePrdctFromOneShop"/>
  <testcase name="detailTest" time="3.212" classname="com.netease.vstore.test.scene.BuyOnePrdctFromOneShop"/>
  <testcase name="xiupinLogout" time="10.757" classname="com.netease.vstore.test.scene.BuyOnePrdctFromOneShop"/>
  <testcase name="addToCartTest" time="0.608" classname="com.netease.vstore.test.scene.BuyOnePrdctFromOneShop"/>
  <testcase name="CartTest" time="2.174" classname="com.netease.vstore.test.scene.BuyOnePrdctFromOneShop"/>
  <testcase name="ChangeProvinceTest" time="4.693" classname="com.netease.vstore.test.scene.BuyOnePrdctFromOneShop"/>
  <testcase name="PaymentMethod" time="1.080" classname="com.netease.vstore.test.scene.BuyOnePrdctFromOneShop"/>
  <testcase name="purchaseIndex" time="2.785" classname="com.netease.vstore.test.scene.BuyOnePrdctFromOneShop"/>
</testsuite> <!-- com.netease.vstore.test.scene.BuyOnePrdctFromOneShop -->
