<?xml version="1.0" encoding="UTF-8"?>
<!-- Generated by org.testng.reporters.JUnitReportReporter -->
<testsuite hostname="HIH-D-1894" name="com.netease.vstore.test.scene.BuyLessOneAndMoreTwoPrdctCartPage" tests="10" failures="0" timestamp="10 Jul 2015 04:23:44 GMT" time="25.376" errors="0">
  <testcase name="addToCartTest" time="0.619" classname="com.netease.vstore.test.scene.BuyLessOneAndMoreTwoPrdctCartPage"/>
  <testcase name="scheduleTest" time="0.794" classname="com.netease.vstore.test.scene.BuyLessOneAndMoreTwoPrdctCartPage"/>
  <testcase name="cleanCart" time="2.733" classname="com.netease.vstore.test.scene.BuyLessOneAndMoreTwoPrdctCartPage"/>
  <testcase name="detailTest" time="0.702" classname="com.netease.vstore.test.scene.BuyLessOneAndMoreTwoPrdctCartPage"/>
  <testcase name="xiupinLogout" time="3.855" classname="com.netease.vstore.test.scene.BuyLessOneAndMoreTwoPrdctCartPage"/>
  <testcase name="CartTest" time="1.140" classname="com.netease.vstore.test.scene.BuyLessOneAndMoreTwoPrdctCartPage"/>
  <testcase name="ChangeProvinceTest" time="1.759" classname="com.netease.vstore.test.scene.BuyLessOneAndMoreTwoPrdctCartPage"/>
  <testcase name="buyLessThanOneTest" time="0.569" classname="com.netease.vstore.test.scene.BuyLessOneAndMoreTwoPrdctCartPage"/>
  <testcase name="xiupinLoginTest" time="8.037" classname="com.netease.vstore.test.scene.BuyLessOneAndMoreTwoPrdctCartPage"/>
  <testcase name="buyMoreThanTwoTest" time="5.168" classname="com.netease.vstore.test.scene.BuyLessOneAndMoreTwoPrdctCartPage"/>
</testsuite> <!-- com.netease.vstore.test.scene.BuyLessOneAndMoreTwoPrdctCartPage -->
