<?xml version="1.0" encoding="UTF-8"?>
<!-- Generated by org.testng.reporters.JUnitReportReporter -->
<testsuite hostname="HIH-D-1894" name="com.netease.vstore.test.personcenter.AddModifyDeleteAddressTest" tests="8" failures="0" timestamp="10 Jul 2015 04:23:44 GMT" time="29.893" errors="0">
  <testcase name="ChangeProvince" time="1.711" classname="com.netease.vstore.test.personcenter.AddModifyDeleteAddressTest"/>
  <testcase name="LogoutTest" time="3.826" classname="com.netease.vstore.test.personcenter.AddModifyDeleteAddressTest"/>
  <testcase name="deleteAddressTest" time="0.645" classname="com.netease.vstore.test.personcenter.AddModifyDeleteAddressTest"/>
  <testcase name="pofileIndexTest" time="1.155" classname="com.netease.vstore.test.personcenter.AddModifyDeleteAddressTest"/>
  <testcase name="xiupinLoginTest" time="7.109" classname="com.netease.vstore.test.personcenter.AddModifyDeleteAddressTest"/>
  <testcase name="addressTest" time="1.646" classname="com.netease.vstore.test.personcenter.AddModifyDeleteAddressTest"/>
  <testcase name="ModifyAddressTest" time="6.907" classname="com.netease.vstore.test.personcenter.AddModifyDeleteAddressTest"/>
  <testcase name="AddAddressTest" time="6.894" classname="com.netease.vstore.test.personcenter.AddModifyDeleteAddressTest"/>
</testsuite> <!-- com.netease.vstore.test.personcenter.AddModifyDeleteAddressTest -->
