<?xml version="1.0" encoding="UTF-8"?>
<!-- Generated by org.testng.reporters.JUnitReportReporter -->
<testsuite hostname="HIH-D-1894" name="com.netease.vstore.test.allcategory.SportOutdoorsTest" tests="8" failures="0" timestamp="10 Jul 2015 04:23:44 GMT" time="30.498" errors="0">
  <testcase name="SwimWearTest" time="4.288" classname="com.netease.vstore.test.allcategory.SportOutdoorsTest"/>
  <testcase name="xiupinLoginTest" time="15.056" classname="com.netease.vstore.test.allcategory.SportOutdoorsTest"/>
  <testcase name="intoCategoryTest" time="0.813" classname="com.netease.vstore.test.allcategory.SportOutdoorsTest"/>
  <testcase name="sportOutdoorsTest" time="0.569" classname="com.netease.vstore.test.allcategory.SportOutdoorsTest"/>
  <testcase name="SportMachineTest" time="2.818" classname="com.netease.vstore.test.allcategory.SportOutdoorsTest"/>
  <testcase name="ChangeProvinceTest" time="1.716" classname="com.netease.vstore.test.allcategory.SportOutdoorsTest"/>
  <testcase name="SportShoesTest" time="2.796" classname="com.netease.vstore.test.allcategory.SportOutdoorsTest"/>
  <testcase name="LogoutTest" time="2.442" classname="com.netease.vstore.test.allcategory.SportOutdoorsTest"/>
</testsuite> <!-- com.netease.vstore.test.allcategory.SportOutdoorsTest -->
