<?xml version="1.0" encoding="UTF-8"?>
<!-- Generated by org.testng.reporters.JUnitReportReporter -->
<testsuite hostname="HIH-D-1894" name="com.netease.vstore.test.scene.BuyTwoSamePrdctFromOneShop" tests="11" failures="0" timestamp="26 Jun 2015 10:22:43 GMT" time="43.068" errors="0">
  <testcase name="scheduleTest" time="13.758" classname="com.netease.vstore.test.scene.BuyTwoSamePrdctFromOneShop"/>
  <testcase name="purchaseIndex" time="1.572" classname="com.netease.vstore.test.scene.BuyTwoSamePrdctFromOneShop"/>
  <testcase name="ChangeProvinceTest" time="1.987" classname="com.netease.vstore.test.scene.BuyTwoSamePrdctFromOneShop"/>
  <testcase name="addToCartTest" time="2.644" classname="com.netease.vstore.test.scene.BuyTwoSamePrdctFromOneShop"/>
  <testcase name="xiupinLoginTest" time="9.410" classname="com.netease.vstore.test.scene.BuyTwoSamePrdctFromOneShop"/>
  <testcase name="CartTest" time="1.163" classname="com.netease.vstore.test.scene.BuyTwoSamePrdctFromOneShop"/>
  <testcase name="PaymentMethod" time="0.583" classname="com.netease.vstore.test.scene.BuyTwoSamePrdctFromOneShop"/>
  <testcase name="xiupinLogout" time="2.495" classname="com.netease.vstore.test.scene.BuyTwoSamePrdctFromOneShop"/>
  <testcase name="incrPrdtCountTest" time="0.568" classname="com.netease.vstore.test.scene.BuyTwoSamePrdctFromOneShop"/>
  <testcase name="buy" time="2.285" classname="com.netease.vstore.test.scene.BuyTwoSamePrdctFromOneShop"/>
  <testcase name="detailTest" time="6.603" classname="com.netease.vstore.test.scene.BuyTwoSamePrdctFromOneShop"/>
</testsuite> <!-- com.netease.vstore.test.scene.BuyTwoSamePrdctFromOneShop -->
