<?xml version="1.0" encoding="UTF-8"?>
<!-- Generated by org.testng.reporters.JUnitReportReporter -->
<testsuite hostname="HIH-D-1894" name="com.netease.vstore.test.channel.KidswearChannelTest" tests="7" failures="0" timestamp="10 Jul 2015 04:23:44 GMT" time="32.615" errors="0">
  <testcase name="xiupinLogout" time="3.047" classname="com.netease.vstore.test.channel.KidswearChannelTest"/>
  <testcase name="xiupinLoginTest" time="7.694" classname="com.netease.vstore.test.channel.KidswearChannelTest"/>
  <testcase name="kidswearChannelPregnantTest" time="7.627" classname="com.netease.vstore.test.channel.KidswearChannelTest"/>
  <testcase name="kidswearChannelClothesTest" time="9.635" classname="com.netease.vstore.test.channel.KidswearChannelTest"/>
  <testcase name="kidswearChannelBookTest" time="2.888" classname="com.netease.vstore.test.channel.KidswearChannelTest"/>
  <testcase name="ChangeProvinceTest" time="1.691" classname="com.netease.vstore.test.channel.KidswearChannelTest"/>
  <testcase name="kidswearChannelShoesTest" time="0.033" classname="com.netease.vstore.test.channel.KidswearChannelTest"/>
</testsuite> <!-- com.netease.vstore.test.channel.KidswearChannelTest -->
