<?xml version="1.0" encoding="UTF-8"?>
<!-- Generated by org.testng.reporters.JUnitReportReporter -->
<testsuite hostname="HIH-D-1894" name="com.netease.vstore.test.channel.HouseChannelTest" tests="5" failures="0" timestamp="10 Jul 2015 04:23:44 GMT" time="42.808" errors="0">
  <testcase name="houseChannelFurnitureTest" time="16.469" classname="com.netease.vstore.test.channel.HouseChannelTest"/>
  <testcase name="houseChannelUmbrellasTest" time="4.717" classname="com.netease.vstore.test.channel.HouseChannelTest"/>
  <testcase name="ChangeProvinceTest" time="1.704" classname="com.netease.vstore.test.channel.HouseChannelTest"/>
  <testcase name="xiupinLogout" time="2.798" classname="com.netease.vstore.test.channel.HouseChannelTest"/>
  <testcase name="xiupinLoginTest" time="17.120" classname="com.netease.vstore.test.channel.HouseChannelTest"/>
</testsuite> <!-- com.netease.vstore.test.channel.HouseChannelTest -->
