<?xml version="1.0" encoding="UTF-8"?>
<!-- Generated by org.testng.reporters.JUnitReportReporter -->
<testsuite hostname="HIH-D-1894" name="com.netease.vstore.test.coupon.CouponTest" tests="7" failures="0" timestamp="3 Jul 2015 05:55:41 GMT" time="83.280" errors="0">
  <testcase name="xiupinLoginTest" time="9.359" classname="com.netease.vstore.test.coupon.CouponTest"/>
  <testcase name="xiupinLogout" time="2.467" classname="com.netease.vstore.test.coupon.CouponTest"/>
  <testcase name="ChangeProvinceTest" time="1.678" classname="com.netease.vstore.test.coupon.CouponTest"/>
  <testcase name="cleanCart" time="3.091" classname="com.netease.vstore.test.coupon.CouponTest"/>
  <testcase name="SelectCouponTest" time="25.447" classname="com.netease.vstore.test.coupon.CouponTest"/>
  <testcase name="SelectCouponTest" time="20.694" classname="com.netease.vstore.test.coupon.CouponTest"/>
  <testcase name="SelectCouponTest" time="20.544" classname="com.netease.vstore.test.coupon.CouponTest"/>
</testsuite> <!-- com.netease.vstore.test.coupon.CouponTest -->
