<?xml version="1.0" encoding="UTF-8"?>
<!-- Generated by org.testng.reporters.JUnitReportReporter -->
<testsuite hostname="HIH-D-1894" name="com.netease.vstore.test.activity.CouponTest" tests="7" failures="0" timestamp="6 Jul 2015 03:27:56 GMT" time="86.385" errors="0">
  <testcase name="ChangeProvinceTest" time="1.682" classname="com.netease.vstore.test.activity.CouponTest"/>
  <testcase name="SelectCouponTest" time="21.746" classname="com.netease.vstore.test.activity.CouponTest"/>
  <testcase name="xiupinLoginTest" time="10.484" classname="com.netease.vstore.test.activity.CouponTest"/>
  <testcase name="SelectCouponTest" time="21.883" classname="com.netease.vstore.test.activity.CouponTest"/>
  <testcase name="cleanCart" time="2.722" classname="com.netease.vstore.test.activity.CouponTest"/>
  <testcase name="xiupinLogout" time="2.021" classname="com.netease.vstore.test.activity.CouponTest"/>
  <testcase name="SelectCouponTest" time="25.847" classname="com.netease.vstore.test.activity.CouponTest"/>
</testsuite> <!-- com.netease.vstore.test.activity.CouponTest -->
