<?xml version="1.0" encoding="UTF-8"?>
<!-- Generated by org.testng.reporters.JUnitReportReporter -->
<testsuite hostname="HIH-D-1894" name="com.netease.vstore.test.cancelorder.CancelOrderTest" tests="6" failures="0" timestamp="30 Jun 2015 03:15:49 GMT" time="27.061" errors="0">
  <testcase name="LogoutTest" time="2.348" classname="com.netease.vstore.test.cancelorder.CancelOrderTest"/>
  <testcase name="cancelOrderTest" time="11.938" classname="com.netease.vstore.test.cancelorder.CancelOrderTest"/>
  <testcase name="xiupinLoginTest" time="7.800" classname="com.netease.vstore.test.cancelorder.CancelOrderTest"/>
  <testcase name="ChangeProvince" time="1.820" classname="com.netease.vstore.test.cancelorder.CancelOrderTest"/>
  <testcase name="myOrderTest" time="1.708" classname="com.netease.vstore.test.cancelorder.CancelOrderTest"/>
  <testcase name="pofileIndexTest" time="1.447" classname="com.netease.vstore.test.cancelorder.CancelOrderTest"/>
</testsuite> <!-- com.netease.vstore.test.cancelorder.CancelOrderTest -->
