<?xml version="1.0" encoding="UTF-8"?>
<!-- Generated by org.testng.reporters.JUnitReportReporter -->
<testsuite hostname="HIH-D-1894" name="com.netease.vstore.test.scene.BuyOnePrdctWithAlibabaPaymethod" tests="10" failures="0" timestamp="2 Jul 2015 02:00:09 GMT" time="24.764" errors="0">
  <testcase name="xiupinLoginTest" time="9.396" classname="com.netease.vstore.test.scene.BuyOnePrdctWithAlibabaPaymethod"/>
  <testcase name="ChangeProvinceTest" time="1.902" classname="com.netease.vstore.test.scene.BuyOnePrdctWithAlibabaPaymethod"/>
  <testcase name="CartTest" time="1.144" classname="com.netease.vstore.test.scene.BuyOnePrdctWithAlibabaPaymethod"/>
  <testcase name="detailTest" time="2.879" classname="com.netease.vstore.test.scene.BuyOnePrdctWithAlibabaPaymethod"/>
  <testcase name="scheduleTest" time="1.735" classname="com.netease.vstore.test.scene.BuyOnePrdctWithAlibabaPaymethod"/>
  <testcase name="PaymentMethod" time="1.070" classname="com.netease.vstore.test.scene.BuyOnePrdctWithAlibabaPaymethod"/>
  <testcase name="xiupinLogout" time="2.948" classname="com.netease.vstore.test.scene.BuyOnePrdctWithAlibabaPaymethod"/>
  <testcase name="purchaseIndex" time="1.782" classname="com.netease.vstore.test.scene.BuyOnePrdctWithAlibabaPaymethod"/>
  <testcase name="addToCartTest" time="0.589" classname="com.netease.vstore.test.scene.BuyOnePrdctWithAlibabaPaymethod"/>
  <testcase name="buy" time="1.319" classname="com.netease.vstore.test.scene.BuyOnePrdctWithAlibabaPaymethod"/>
</testsuite> <!-- com.netease.vstore.test.scene.BuyOnePrdctWithAlibabaPaymethod -->
