<?xml version="1.0" encoding="UTF-8"?>
<!-- Generated by org.testng.reporters.JUnitReportReporter -->
<testsuite hostname="HIH-D-1894" name="com.netease.vstore.test.channel.BuyFromGentlemenTest" tests="12" failures="0" timestamp="10 Jul 2015 08:25:46 GMT" time="30.411" errors="0">
  <testcase name="xiupinLoginTest" time="12.212" classname="com.netease.vstore.test.channel.BuyFromGentlemenTest"/>
  <testcase name="ChangeProvinceTest" time="1.715" classname="com.netease.vstore.test.channel.BuyFromGentlemenTest"/>
  <testcase name="CartTest" time="1.138" classname="com.netease.vstore.test.channel.BuyFromGentlemenTest"/>
  <testcase name="purchaseIndex" time="1.533" classname="com.netease.vstore.test.channel.BuyFromGentlemenTest"/>
  <testcase name="gentlemenTest" time="1.818" classname="com.netease.vstore.test.channel.BuyFromGentlemenTest"/>
  <testcase name="detailTest" time="1.357" classname="com.netease.vstore.test.channel.BuyFromGentlemenTest"/>
  <testcase name="scheduleTest" time="1.216" classname="com.netease.vstore.test.channel.BuyFromGentlemenTest"/>
  <testcase name="xiupinLogout" time="2.476" classname="com.netease.vstore.test.channel.BuyFromGentlemenTest"/>
  <testcase name="PaymentMethod" time="1.097" classname="com.netease.vstore.test.channel.BuyFromGentlemenTest"/>
  <testcase name="addToCartTest" time="0.588" classname="com.netease.vstore.test.channel.BuyFromGentlemenTest"/>
  <testcase name="buy" time="2.222" classname="com.netease.vstore.test.channel.BuyFromGentlemenTest"/>
  <testcase name="cleanCart" time="3.039" classname="com.netease.vstore.test.channel.BuyFromGentlemenTest"/>
</testsuite> <!-- com.netease.vstore.test.channel.BuyFromGentlemenTest -->
