<?xml version="1.0" encoding="UTF-8"?>
<!-- Generated by org.testng.reporters.JUnitReportReporter -->
<testsuite hostname="HIH-D-1894" name="com.netease.vstore.test.scene.DirectBuyPrdctFromDetail" tests="9" failures="0" timestamp="10 Jul 2015 04:23:44 GMT" time="28.218" errors="0">
  <testcase name="xiupinLogout" time="3.207" classname="com.netease.vstore.test.scene.DirectBuyPrdctFromDetail"/>
  <testcase name="xiupinLoginTest" time="12.180" classname="com.netease.vstore.test.scene.DirectBuyPrdctFromDetail"/>
  <testcase name="PaymentMethod" time="1.100" classname="com.netease.vstore.test.scene.DirectBuyPrdctFromDetail"/>
  <testcase name="detailTest" time="1.684" classname="com.netease.vstore.test.scene.DirectBuyPrdctFromDetail"/>
  <testcase name="cleanCart" time="2.797" classname="com.netease.vstore.test.scene.DirectBuyPrdctFromDetail"/>
  <testcase name="ChangeProvinceTest" time="1.697" classname="com.netease.vstore.test.scene.DirectBuyPrdctFromDetail"/>
  <testcase name="scheduleTest" time="1.277" classname="com.netease.vstore.test.scene.DirectBuyPrdctFromDetail"/>
  <testcase name="buy" time="2.592" classname="com.netease.vstore.test.scene.DirectBuyPrdctFromDetail"/>
  <testcase name="purchaseFromDetailTest" time="1.684" classname="com.netease.vstore.test.scene.DirectBuyPrdctFromDetail"/>
</testsuite> <!-- com.netease.vstore.test.scene.DirectBuyPrdctFromDetail -->
