<?xml version="1.0" encoding="UTF-8"?>
<!-- Generated by org.testng.reporters.JUnitReportReporter -->
<testsuite hostname="HIH-D-1894" name="com.netease.vstore.test.brand.BrandTest" tests="5" failures="0" timestamp="10 Jul 2015 04:23:44 GMT" time="27.557" errors="0">
  <testcase name="intoBrand" time="1.194" classname="com.netease.vstore.test.brand.BrandTest"/>
  <testcase name="ChangeProvinceTest" time="1.735" classname="com.netease.vstore.test.brand.BrandTest"/>
  <testcase name="xiupinLoginTest" time="7.327" classname="com.netease.vstore.test.brand.BrandTest"/>
  <testcase name="xiupinLogout" time="2.639" classname="com.netease.vstore.test.brand.BrandTest"/>
  <testcase name="checkBrand" time="14.662" classname="com.netease.vstore.test.brand.BrandTest"/>
</testsuite> <!-- com.netease.vstore.test.brand.BrandTest -->
