<?xml version="1.0" encoding="UTF-8"?>
<!-- Generated by org.testng.reporters.JUnitReportReporter -->
<testsuite hostname="HIH-D-1894" name="com.netease.vstore.test.checkorder.CheckOrderTest" tests="9" failures="0" timestamp="26 Jun 2015 09:26:58 GMT" time="23.107" errors="0">
  <testcase name="ChangeProvince" time="1.933" classname="com.netease.vstore.test.checkorder.CheckOrderTest"/>
  <testcase name="LogoutTest" time="2.263" classname="com.netease.vstore.test.checkorder.CheckOrderTest"/>
  <testcase name="pofileIndexTest" time="1.242" classname="com.netease.vstore.test.checkorder.CheckOrderTest"/>
  <testcase name="ShippedOrder" time="0.580" classname="com.netease.vstore.test.checkorder.CheckOrderTest"/>
  <testcase name="ToBeShippedOrder" time="0.576" classname="com.netease.vstore.test.checkorder.CheckOrderTest"/>
  <testcase name="myOrderTest" time="3.046" classname="com.netease.vstore.test.checkorder.CheckOrderTest"/>
  <testcase name="UnpaidOrder" time="0.570" classname="com.netease.vstore.test.checkorder.CheckOrderTest"/>
  <testcase name="xiupinLoginTest" time="12.327" classname="com.netease.vstore.test.checkorder.CheckOrderTest"/>
  <testcase name="allOrder" time="0.570" classname="com.netease.vstore.test.checkorder.CheckOrderTest"/>
</testsuite> <!-- com.netease.vstore.test.checkorder.CheckOrderTest -->
